2023-05-11 06:07:59.489  INFO 1 - [       main] com.epam.healenium.Application   : Starting Application using Java 1.8.0_212 on 961d8573573e with PID 1 (/healenium-backend.jar started by root in /) 
2023-05-11 06:07:59.494  INFO 1 - [       main] com.epam.healenium.Application   : No active profile set, falling back to 1 default profile: "default" 
2023-05-11 06:08:00.398  INFO 1 - [       main] .RepositoryConfigurationDelegate : Bootstrapping Spring Data JPA repositories in DEFAULT mode. 
2023-05-11 06:08:00.594  INFO 1 - [       main] .RepositoryConfigurationDelegate : Finished Spring Data repository scanning in 186 ms. Found 4 JPA repository interfaces. 
2023-05-11 06:08:01.195  INFO 1 - [       main] o.s.b.w.e.t.TomcatWebServer      : Tomcat initialized with port(s): 7878 (http) 
2023-05-11 06:08:01.208  INFO 1 - [       main] o.a.c.core.StandardService       : Starting service [Tomcat] 
2023-05-11 06:08:01.209  INFO 1 - [       main] o.a.c.core.StandardEngine        : Starting Servlet engine: [Apache Tomcat/9.0.64] 
2023-05-11 06:08:01.294  INFO 1 - [       main] o.a.c.c.C.[.[localhost].[/]      : Initializing Spring embedded WebApplicationContext 
2023-05-11 06:08:01.296  INFO 1 - [       main] rvletWebServerApplicationContext : Root WebApplicationContext: initialization completed in 1745 ms 
2023-05-11 06:08:01.526  INFO 1 - [       main] c.z.hikari.HikariDataSource      : HikariPool-1 - Starting... 
2023-05-11 06:08:01.615  INFO 1 - [       main] c.z.hikari.HikariDataSource      : HikariPool-1 - Start completed. 
2023-05-11 06:08:01.740  INFO 1 - [       main] liquibase.database               : Set default schema name to healenium 
2023-05-11 06:08:01.829  INFO 1 - [       main] liquibase.lockservice            : Successfully acquired change log lock 
2023-05-11 06:08:02.184  INFO 1 - [       main] liquibase.changelog              : Creating database history table with name: healenium.databasechangelog 
2023-05-11 06:08:02.192  INFO 1 - [       main] liquibase.changelog              : Reading from healenium.databasechangelog 
2023-05-11 06:08:02.291  INFO 1 - [       main] liquibase.changelog              : Sequence healing_result_seq created 
2023-05-11 06:08:02.294  INFO 1 - [       main] liquibase.changelog              : ChangeSet changelog/001_createSequence.xml::3::nkobzev ran successfully in 5ms 
2023-05-11 06:08:02.304  INFO 1 - [       main] liquibase.changelog              : Table SELECTOR created 
2023-05-11 06:08:02.305  INFO 1 - [       main] liquibase.changelog              : ChangeSet changelog/002_selector.xml::5::nkobzev ran successfully in 7ms 
2023-05-11 06:08:02.336  INFO 1 - [       main] liquibase.changelog              : Index SELECTOR_PK created 
2023-05-11 06:08:02.338  INFO 1 - [       main] liquibase.changelog              : ChangeSet changelog/002_selector.xml::6::nkobzev ran successfully in 30ms 
2023-05-11 06:08:02.347  INFO 1 - [       main] liquibase.changelog              : Table HEALING created 
2023-05-11 06:08:02.349  INFO 1 - [       main] liquibase.changelog              : ChangeSet changelog/003_healing.xml::7::nkobzev ran successfully in 7ms 
2023-05-11 06:08:02.373  INFO 1 - [       main] liquibase.changelog              : Index HEALING_PK created 
2023-05-11 06:08:02.377  INFO 1 - [       main] liquibase.changelog              : Foreign key constraint added to HEALING (SELECTOR_ID) 
2023-05-11 06:08:02.379  INFO 1 - [       main] liquibase.changelog              : ChangeSet changelog/003_healing.xml::8::nkobzev ran successfully in 27ms 
2023-05-11 06:08:02.387  INFO 1 - [       main] liquibase.changelog              : Table HEALING_RESULT created 
2023-05-11 06:08:02.389  INFO 1 - [       main] liquibase.changelog              : ChangeSet changelog/004_healingResult.xml::9::nkobzev ran successfully in 7ms 
2023-05-11 06:08:02.415  INFO 1 - [       main] liquibase.changelog              : Index HEALING_RESULT_PK created 
2023-05-11 06:08:02.417  INFO 1 - [       main] liquibase.changelog              : Foreign key constraint added to HEALING_RESULT (HEALING_ID) 
2023-05-11 06:08:02.419  INFO 1 - [       main] liquibase.changelog              : ChangeSet changelog/004_healingResult.xml::10::nkobzev ran successfully in 28ms 
2023-05-11 06:08:02.428  INFO 1 - [       main] liquibase.changelog              : Table REPORT created 
2023-05-11 06:08:02.431  INFO 1 - [       main] liquibase.changelog              : ChangeSet changelog/005_report.xml::11::nkobzev ran successfully in 8ms 
2023-05-11 06:08:02.461  INFO 1 - [       main] liquibase.changelog              : Index REPORT_PK created 
2023-05-11 06:08:02.463  INFO 1 - [       main] liquibase.changelog              : ChangeSet changelog/005_report.xml::12::nkobzev ran successfully in 28ms 
2023-05-11 06:08:02.468  INFO 1 - [       main] liquibase.changelog              : Columns COMMAND(VARCHAR(264)),ENABLE_HEALING(BOOLEAN) added to SELECTOR 
2023-05-11 06:08:02.470  INFO 1 - [       main] liquibase.changelog              : ChangeSet changelog/006_command_and_healingenable_column.xml::13::nkobzev ran successfully in 3ms 
2023-05-11 06:08:02.474  INFO 1 - [       main] liquibase.lockservice            : Successfully released change log lock 
2023-05-11 06:08:02.585  INFO 1 - [       main] o.h.j.internal.util.LogHelper    : HHH000204: Processing PersistenceUnitInfo [name: default] 
2023-05-11 06:08:02.654  INFO 1 - [       main] org.hibernate.Version            : HHH000412: Hibernate ORM core version 5.6.9.Final 
2023-05-11 06:08:02.827  INFO 1 - [       main] o.h.annotations.common.Version   : HCANN000001: Hibernate Commons Annotations {5.1.2.Final} 
2023-05-11 06:08:02.936  INFO 1 - [       main] org.hibernate.dialect.Dialect    : HHH000400: Using dialect: org.hibernate.dialect.PostgreSQLDialect 
2023-05-11 06:08:03.664  WARN 1 - [       main] o.h.m.internal.MetadataContext   : HHH015011: Unable to locate static metamodel field : com.epam.healenium.model.domain.Selector_#nodePathWrapper; this may or may not indicate a problem with the static metamodel 
2023-05-11 06:08:03.674  INFO 1 - [       main] h.e.t.j.p.i.JtaPlatformInitiator : HHH000490: Using JtaPlatform implementation: [org.hibernate.engine.transaction.jta.platform.internal.NoJtaPlatform] 
2023-05-11 06:08:03.683  INFO 1 - [       main] ontainerEntityManagerFactoryBean : Initialized JPA EntityManagerFactory for persistence unit 'default' 
2023-05-11 06:08:04.442  INFO 1 - [       main] .a.w.s.WelcomePageHandlerMapping : Adding welcome page template: index 
2023-05-11 06:08:04.808  INFO 1 - [       main] .s.b.a.e.w.EndpointLinksResolver : Exposing 1 endpoint(s) beneath base path '/actuator' 
2023-05-11 06:08:04.863  INFO 1 - [       main] o.s.b.w.e.t.TomcatWebServer      : Tomcat started on port(s): 7878 (http) with context path '' 
2023-05-11 06:08:04.925  INFO 1 - [       main] com.epam.healenium.Application   : Started Application in 6.199 seconds (JVM running for 6.688) 
2023-05-11 06:10:43.250  INFO 1 - [7878-exec-1] o.a.c.c.C.[.[localhost].[/]      : Initializing Spring DispatcherServlet 'dispatcherServlet' 
2023-05-11 06:10:43.252  INFO 1 - [7878-exec-1] o.s.w.s.DispatcherServlet        : Initializing Servlet 'dispatcherServlet' 
2023-05-11 06:10:43.254  INFO 1 - [7878-exec-1] o.s.w.s.DispatcherServlet        : Completed initialization in 1 ms 
2023-05-11 06:10:45.614  INFO 1 - [7878-exec-3] healenium                        : [Save Elements] Request: By.xpath(//textarea[@class='gLFyf']) 
2023-05-11 06:10:53.971  INFO 1 - [hutdownHook] ontainerEntityManagerFactoryBean : Closing JPA EntityManagerFactory for persistence unit 'default' 
2023-05-11 06:10:53.976  INFO 1 - [hutdownHook] c.z.hikari.HikariDataSource      : HikariPool-1 - Shutdown initiated... 
2023-05-11 06:10:53.980  INFO 1 - [hutdownHook] c.z.hikari.HikariDataSource      : HikariPool-1 - Shutdown completed. 
2023-05-11 06:11:05.509  INFO 1 - [       main] com.epam.healenium.Application   : Starting Application using Java 1.8.0_212 on 961d8573573e with PID 1 (/healenium-backend.jar started by root in /) 
2023-05-11 06:11:05.513  INFO 1 - [       main] com.epam.healenium.Application   : No active profile set, falling back to 1 default profile: "default" 
2023-05-11 06:11:06.354  INFO 1 - [       main] .RepositoryConfigurationDelegate : Bootstrapping Spring Data JPA repositories in DEFAULT mode. 
2023-05-11 06:11:06.537  INFO 1 - [       main] .RepositoryConfigurationDelegate : Finished Spring Data repository scanning in 173 ms. Found 4 JPA repository interfaces. 
2023-05-11 06:11:07.177  INFO 1 - [       main] o.s.b.w.e.t.TomcatWebServer      : Tomcat initialized with port(s): 7878 (http) 
2023-05-11 06:11:07.191  INFO 1 - [       main] o.a.c.core.StandardService       : Starting service [Tomcat] 
2023-05-11 06:11:07.192  INFO 1 - [       main] o.a.c.core.StandardEngine        : Starting Servlet engine: [Apache Tomcat/9.0.64] 
2023-05-11 06:11:07.272  INFO 1 - [       main] o.a.c.c.C.[.[localhost].[/]      : Initializing Spring embedded WebApplicationContext 
2023-05-11 06:11:07.274  INFO 1 - [       main] rvletWebServerApplicationContext : Root WebApplicationContext: initialization completed in 1717 ms 
2023-05-11 06:11:07.507  INFO 1 - [       main] c.z.hikari.HikariDataSource      : HikariPool-1 - Starting... 
2023-05-11 06:11:07.602  INFO 1 - [       main] c.z.hikari.HikariDataSource      : HikariPool-1 - Start completed. 
2023-05-11 06:11:07.727  INFO 1 - [       main] liquibase.database               : Set default schema name to healenium 
2023-05-11 06:11:07.795  INFO 1 - [       main] liquibase.lockservice            : Successfully acquired change log lock 
2023-05-11 06:11:08.200  INFO 1 - [       main] liquibase.changelog              : Reading from healenium.databasechangelog 
2023-05-11 06:11:08.252  INFO 1 - [       main] liquibase.lockservice            : Successfully released change log lock 
2023-05-11 06:11:08.367  INFO 1 - [       main] o.h.j.internal.util.LogHelper    : HHH000204: Processing PersistenceUnitInfo [name: default] 
2023-05-11 06:11:08.419  INFO 1 - [       main] org.hibernate.Version            : HHH000412: Hibernate ORM core version 5.6.9.Final 
2023-05-11 06:11:08.606  INFO 1 - [       main] o.h.annotations.common.Version   : HCANN000001: Hibernate Commons Annotations {5.1.2.Final} 
2023-05-11 06:11:08.704  INFO 1 - [       main] org.hibernate.dialect.Dialect    : HHH000400: Using dialect: org.hibernate.dialect.PostgreSQLDialect 
2023-05-11 06:11:09.508  WARN 1 - [       main] o.h.m.internal.MetadataContext   : HHH015011: Unable to locate static metamodel field : com.epam.healenium.model.domain.Selector_#nodePathWrapper; this may or may not indicate a problem with the static metamodel 
2023-05-11 06:11:09.517  INFO 1 - [       main] h.e.t.j.p.i.JtaPlatformInitiator : HHH000490: Using JtaPlatform implementation: [org.hibernate.engine.transaction.jta.platform.internal.NoJtaPlatform] 
2023-05-11 06:11:09.526  INFO 1 - [       main] ontainerEntityManagerFactoryBean : Initialized JPA EntityManagerFactory for persistence unit 'default' 
2023-05-11 06:11:10.343  INFO 1 - [       main] .a.w.s.WelcomePageHandlerMapping : Adding welcome page template: index 
2023-05-11 06:11:10.674  INFO 1 - [       main] .s.b.a.e.w.EndpointLinksResolver : Exposing 1 endpoint(s) beneath base path '/actuator' 
2023-05-11 06:11:10.718  INFO 1 - [       main] o.s.b.w.e.t.TomcatWebServer      : Tomcat started on port(s): 7878 (http) with context path '' 
2023-05-11 06:11:10.786  INFO 1 - [       main] com.epam.healenium.Application   : Started Application in 5.955 seconds (JVM running for 6.428) 
2023-05-11 06:12:13.438  INFO 1 - [7878-exec-1] o.a.c.c.C.[.[localhost].[/]      : Initializing Spring DispatcherServlet 'dispatcherServlet' 
2023-05-11 06:12:13.439  INFO 1 - [7878-exec-1] o.s.w.s.DispatcherServlet        : Initializing Servlet 'dispatcherServlet' 
2023-05-11 06:12:13.442  INFO 1 - [7878-exec-1] o.s.w.s.DispatcherServlet        : Completed initialization in 2 ms 
2023-05-11 06:17:44.186  INFO 1 - [7878-exec-8] healenium                        : [Save Elements] Request: By.xpath(//textarea[@class='gLFyf']) 
2023-05-11 06:25:19.209  INFO 1 - [7878-exec-2] healenium                        : [Save Elements] Request: By.xpath(//textarea[@class='gLFyf']) 
2023-05-11 06:25:51.205  INFO 1 - [7878-exec-6] healenium                        : [Save Elements] Request: By.xpath(//textarea[@class='gLFyf']) 
2023-05-11 06:28:12.584  INFO 1 - [878-exec-10] healenium                        : [Save Elements] Request: By.xpath(//textarea[@class='gLFyf']) 
2023-05-11 06:31:38.430  INFO 1 - [7878-exec-4] healenium                        : [Save Elements] Request: By.xpath(//textarea[@class='gLFyf']) 
2023-05-11 06:32:08.529  INFO 1 - [7878-exec-5] healenium                        : [Get Reference] Request: RequestDto(locator=//textarea[@class='gLFyf1'], className=steps.HealeniumTest, methodName=Healenium, command=findElement, url=https://www.google.com/)) 
2023-05-11 06:33:05.583  INFO 1 - [7878-exec-1] healenium                        : [Save Elements] Request: By.xpath(//textarea[@class='gLFyf']) 
2023-05-11 06:40:17.562  INFO 1 - [hutdownHook] ontainerEntityManagerFactoryBean : Closing JPA EntityManagerFactory for persistence unit 'default' 
2023-05-11 06:40:17.566  INFO 1 - [hutdownHook] c.z.hikari.HikariDataSource      : HikariPool-1 - Shutdown initiated... 
2023-05-11 06:40:17.571  INFO 1 - [hutdownHook] c.z.hikari.HikariDataSource      : HikariPool-1 - Shutdown completed. 
2023-05-11 10:16:16.941  INFO 1 - [       main] com.epam.healenium.Application   : Starting Application using Java 1.8.0_212 on 961d8573573e with PID 1 (/healenium-backend.jar started by root in /) 
2023-05-11 10:16:16.958  INFO 1 - [       main] com.epam.healenium.Application   : No active profile set, falling back to 1 default profile: "default" 
2023-05-11 10:16:17.889  INFO 1 - [       main] .RepositoryConfigurationDelegate : Bootstrapping Spring Data JPA repositories in DEFAULT mode. 
2023-05-11 10:16:18.075  INFO 1 - [       main] .RepositoryConfigurationDelegate : Finished Spring Data repository scanning in 176 ms. Found 4 JPA repository interfaces. 
2023-05-11 10:16:18.701  INFO 1 - [       main] o.s.b.w.e.t.TomcatWebServer      : Tomcat initialized with port(s): 7878 (http) 
2023-05-11 10:16:18.715  INFO 1 - [       main] o.a.c.core.StandardService       : Starting service [Tomcat] 
2023-05-11 10:16:18.716  INFO 1 - [       main] o.a.c.core.StandardEngine        : Starting Servlet engine: [Apache Tomcat/9.0.64] 
2023-05-11 10:16:18.802  INFO 1 - [       main] o.a.c.c.C.[.[localhost].[/]      : Initializing Spring embedded WebApplicationContext 
2023-05-11 10:16:18.804  INFO 1 - [       main] rvletWebServerApplicationContext : Root WebApplicationContext: initialization completed in 1783 ms 
2023-05-11 10:16:19.049  INFO 1 - [       main] c.z.hikari.HikariDataSource      : HikariPool-1 - Starting... 
2023-05-11 10:16:19.148  INFO 1 - [       main] c.z.hikari.HikariDataSource      : HikariPool-1 - Start completed. 
2023-05-11 10:16:19.290  INFO 1 - [       main] liquibase.database               : Set default schema name to healenium 
2023-05-11 10:16:19.365  INFO 1 - [       main] liquibase.lockservice            : Successfully acquired change log lock 
2023-05-11 10:16:19.824  INFO 1 - [       main] liquibase.changelog              : Reading from healenium.databasechangelog 
2023-05-11 10:16:19.880  INFO 1 - [       main] liquibase.lockservice            : Successfully released change log lock 
2023-05-11 10:16:20.002  INFO 1 - [       main] o.h.j.internal.util.LogHelper    : HHH000204: Processing PersistenceUnitInfo [name: default] 
2023-05-11 10:16:20.059  INFO 1 - [       main] org.hibernate.Version            : HHH000412: Hibernate ORM core version 5.6.9.Final 
2023-05-11 10:16:20.253  INFO 1 - [       main] o.h.annotations.common.Version   : HCANN000001: Hibernate Commons Annotations {5.1.2.Final} 
2023-05-11 10:16:20.379  INFO 1 - [       main] org.hibernate.dialect.Dialect    : HHH000400: Using dialect: org.hibernate.dialect.PostgreSQLDialect 
2023-05-11 10:16:21.219  WARN 1 - [       main] o.h.m.internal.MetadataContext   : HHH015011: Unable to locate static metamodel field : com.epam.healenium.model.domain.Selector_#nodePathWrapper; this may or may not indicate a problem with the static metamodel 
2023-05-11 10:16:21.229  INFO 1 - [       main] h.e.t.j.p.i.JtaPlatformInitiator : HHH000490: Using JtaPlatform implementation: [org.hibernate.engine.transaction.jta.platform.internal.NoJtaPlatform] 
2023-05-11 10:16:21.239  INFO 1 - [       main] ontainerEntityManagerFactoryBean : Initialized JPA EntityManagerFactory for persistence unit 'default' 
2023-05-11 10:16:22.067  INFO 1 - [       main] .a.w.s.WelcomePageHandlerMapping : Adding welcome page template: index 
2023-05-11 10:16:22.428  INFO 1 - [       main] .s.b.a.e.w.EndpointLinksResolver : Exposing 1 endpoint(s) beneath base path '/actuator' 
2023-05-11 10:16:22.492  INFO 1 - [       main] o.s.b.w.e.t.TomcatWebServer      : Tomcat started on port(s): 7878 (http) with context path '' 
2023-05-11 10:16:22.558  INFO 1 - [       main] com.epam.healenium.Application   : Started Application in 6.401 seconds (JVM running for 6.901) 
2023-05-11 10:18:43.428  INFO 1 - [7878-exec-1] o.a.c.c.C.[.[localhost].[/]      : Initializing Spring DispatcherServlet 'dispatcherServlet' 
2023-05-11 10:18:43.430  INFO 1 - [7878-exec-1] o.s.w.s.DispatcherServlet        : Initializing Servlet 'dispatcherServlet' 
2023-05-11 10:18:43.433  INFO 1 - [7878-exec-1] o.s.w.s.DispatcherServlet        : Completed initialization in 2 ms 
2023-05-11 10:18:45.094  INFO 1 - [7878-exec-3] healenium                        : [Save Elements] Request: By.xpath(//textarea[@class='gLFyf']) 
2023-05-11 10:20:20.259  INFO 1 - [hutdownHook] ontainerEntityManagerFactoryBean : Closing JPA EntityManagerFactory for persistence unit 'default' 
2023-05-11 10:20:20.263  INFO 1 - [hutdownHook] c.z.hikari.HikariDataSource      : HikariPool-1 - Shutdown initiated... 
2023-05-11 10:20:20.268  INFO 1 - [hutdownHook] c.z.hikari.HikariDataSource      : HikariPool-1 - Shutdown completed. 
2023-05-11 10:26:18.857  INFO 1 - [       main] com.epam.healenium.Application   : Starting Application using Java 1.8.0_212 on 961d8573573e with PID 1 (/healenium-backend.jar started by root in /) 
2023-05-11 10:26:18.861  INFO 1 - [       main] com.epam.healenium.Application   : No active profile set, falling back to 1 default profile: "default" 
2023-05-11 10:26:19.757  INFO 1 - [       main] .RepositoryConfigurationDelegate : Bootstrapping Spring Data JPA repositories in DEFAULT mode. 
2023-05-11 10:26:19.957  INFO 1 - [       main] .RepositoryConfigurationDelegate : Finished Spring Data repository scanning in 187 ms. Found 4 JPA repository interfaces. 
2023-05-11 10:26:20.563  INFO 1 - [       main] o.s.b.w.e.t.TomcatWebServer      : Tomcat initialized with port(s): 7878 (http) 
2023-05-11 10:26:20.578  INFO 1 - [       main] o.a.c.core.StandardService       : Starting service [Tomcat] 
2023-05-11 10:26:20.578  INFO 1 - [       main] o.a.c.core.StandardEngine        : Starting Servlet engine: [Apache Tomcat/9.0.64] 
2023-05-11 10:26:20.663  INFO 1 - [       main] o.a.c.c.C.[.[localhost].[/]      : Initializing Spring embedded WebApplicationContext 
2023-05-11 10:26:20.664  INFO 1 - [       main] rvletWebServerApplicationContext : Root WebApplicationContext: initialization completed in 1750 ms 
2023-05-11 10:26:20.908  INFO 1 - [       main] c.z.hikari.HikariDataSource      : HikariPool-1 - Starting... 
2023-05-11 10:26:21.002  INFO 1 - [       main] c.z.hikari.HikariDataSource      : HikariPool-1 - Start completed. 
2023-05-11 10:26:21.129  INFO 1 - [       main] liquibase.database               : Set default schema name to healenium 
2023-05-11 10:26:21.200  INFO 1 - [       main] liquibase.lockservice            : Successfully acquired change log lock 
2023-05-11 10:26:21.631  INFO 1 - [       main] liquibase.changelog              : Reading from healenium.databasechangelog 
2023-05-11 10:26:21.682  INFO 1 - [       main] liquibase.lockservice            : Successfully released change log lock 
2023-05-11 10:26:21.802  INFO 1 - [       main] o.h.j.internal.util.LogHelper    : HHH000204: Processing PersistenceUnitInfo [name: default] 
2023-05-11 10:26:21.856  INFO 1 - [       main] org.hibernate.Version            : HHH000412: Hibernate ORM core version 5.6.9.Final 
2023-05-11 10:26:22.050  INFO 1 - [       main] o.h.annotations.common.Version   : HCANN000001: Hibernate Commons Annotations {5.1.2.Final} 
2023-05-11 10:26:22.157  INFO 1 - [       main] org.hibernate.dialect.Dialect    : HHH000400: Using dialect: org.hibernate.dialect.PostgreSQLDialect 
2023-05-11 10:26:22.937  WARN 1 - [       main] o.h.m.internal.MetadataContext   : HHH015011: Unable to locate static metamodel field : com.epam.healenium.model.domain.Selector_#nodePathWrapper; this may or may not indicate a problem with the static metamodel 
2023-05-11 10:26:22.948  INFO 1 - [       main] h.e.t.j.p.i.JtaPlatformInitiator : HHH000490: Using JtaPlatform implementation: [org.hibernate.engine.transaction.jta.platform.internal.NoJtaPlatform] 
2023-05-11 10:26:22.957  INFO 1 - [       main] ontainerEntityManagerFactoryBean : Initialized JPA EntityManagerFactory for persistence unit 'default' 
2023-05-11 10:26:23.714  INFO 1 - [       main] .a.w.s.WelcomePageHandlerMapping : Adding welcome page template: index 
2023-05-11 10:26:24.099  INFO 1 - [       main] .s.b.a.e.w.EndpointLinksResolver : Exposing 1 endpoint(s) beneath base path '/actuator' 
2023-05-11 10:26:24.155  INFO 1 - [       main] o.s.b.w.e.t.TomcatWebServer      : Tomcat started on port(s): 7878 (http) with context path '' 
2023-05-11 10:26:24.231  INFO 1 - [       main] com.epam.healenium.Application   : Started Application in 6.118 seconds (JVM running for 6.609) 
2023-05-11 10:26:46.008  INFO 1 - [7878-exec-1] o.a.c.c.C.[.[localhost].[/]      : Initializing Spring DispatcherServlet 'dispatcherServlet' 
2023-05-11 10:26:46.010  INFO 1 - [7878-exec-1] o.s.w.s.DispatcherServlet        : Initializing Servlet 'dispatcherServlet' 
2023-05-11 10:26:46.013  INFO 1 - [7878-exec-1] o.s.w.s.DispatcherServlet        : Completed initialization in 2 ms 
2023-05-11 10:26:52.239  INFO 1 - [7878-exec-5] healenium                        : [Save Elements] Request: By.xpath(//textarea[@class='gLFyf']) 
2023-05-11 10:27:22.305  INFO 1 - [7878-exec-6] healenium                        : [Get Reference] Request: RequestDto(locator=//textarea[@class='gLFyf1'], className=steps.HealeniumTest, methodName=Healenium, command=findElement, url=https://www.google.com/)) 
2023-05-11 10:28:10.607  INFO 1 - [7878-exec-6] healenium                        : [Save Elements] Request: By.xpath(//textarea[@class='gLFyf']) 
2023-05-11 10:28:40.706  INFO 1 - [hutdownHook] ontainerEntityManagerFactoryBean : Closing JPA EntityManagerFactory for persistence unit 'default' 
2023-05-11 10:28:40.712  INFO 1 - [hutdownHook] c.z.hikari.HikariDataSource      : HikariPool-1 - Shutdown initiated... 
2023-05-11 10:28:40.718  INFO 1 - [hutdownHook] c.z.hikari.HikariDataSource      : HikariPool-1 - Shutdown completed. 
2023-05-11 10:32:33.794  INFO 1 - [       main] com.epam.healenium.Application   : Starting Application using Java 1.8.0_212 on 961d8573573e with PID 1 (/healenium-backend.jar started by root in /) 
2023-05-11 10:32:33.799  INFO 1 - [       main] com.epam.healenium.Application   : No active profile set, falling back to 1 default profile: "default" 
2023-05-11 10:32:34.744  INFO 1 - [       main] .RepositoryConfigurationDelegate : Bootstrapping Spring Data JPA repositories in DEFAULT mode. 
2023-05-11 10:32:34.935  INFO 1 - [       main] .RepositoryConfigurationDelegate : Finished Spring Data repository scanning in 179 ms. Found 4 JPA repository interfaces. 
2023-05-11 10:32:35.600  INFO 1 - [       main] o.s.b.w.e.t.TomcatWebServer      : Tomcat initialized with port(s): 7878 (http) 
2023-05-11 10:32:35.615  INFO 1 - [       main] o.a.c.core.StandardService       : Starting service [Tomcat] 
2023-05-11 10:32:35.616  INFO 1 - [       main] o.a.c.core.StandardEngine        : Starting Servlet engine: [Apache Tomcat/9.0.64] 
2023-05-11 10:32:35.712  INFO 1 - [       main] o.a.c.c.C.[.[localhost].[/]      : Initializing Spring embedded WebApplicationContext 
2023-05-11 10:32:35.714  INFO 1 - [       main] rvletWebServerApplicationContext : Root WebApplicationContext: initialization completed in 1857 ms 
2023-05-11 10:32:36.020  INFO 1 - [       main] c.z.hikari.HikariDataSource      : HikariPool-1 - Starting... 
2023-05-11 10:32:36.122  INFO 1 - [       main] c.z.hikari.HikariDataSource      : HikariPool-1 - Start completed. 
2023-05-11 10:32:36.255  INFO 1 - [       main] liquibase.database               : Set default schema name to healenium 
2023-05-11 10:32:36.338  INFO 1 - [       main] liquibase.lockservice            : Successfully acquired change log lock 
2023-05-11 10:32:36.761  INFO 1 - [       main] liquibase.changelog              : Reading from healenium.databasechangelog 
2023-05-11 10:32:36.823  INFO 1 - [       main] liquibase.lockservice            : Successfully released change log lock 
2023-05-11 10:32:36.948  INFO 1 - [       main] o.h.j.internal.util.LogHelper    : HHH000204: Processing PersistenceUnitInfo [name: default] 
2023-05-11 10:32:37.002  INFO 1 - [       main] org.hibernate.Version            : HHH000412: Hibernate ORM core version 5.6.9.Final 
2023-05-11 10:32:37.196  INFO 1 - [       main] o.h.annotations.common.Version   : HCANN000001: Hibernate Commons Annotations {5.1.2.Final} 
2023-05-11 10:32:37.310  INFO 1 - [       main] org.hibernate.dialect.Dialect    : HHH000400: Using dialect: org.hibernate.dialect.PostgreSQLDialect 
2023-05-11 10:32:38.125  WARN 1 - [       main] o.h.m.internal.MetadataContext   : HHH015011: Unable to locate static metamodel field : com.epam.healenium.model.domain.Selector_#nodePathWrapper; this may or may not indicate a problem with the static metamodel 
2023-05-11 10:32:38.135  INFO 1 - [       main] h.e.t.j.p.i.JtaPlatformInitiator : HHH000490: Using JtaPlatform implementation: [org.hibernate.engine.transaction.jta.platform.internal.NoJtaPlatform] 
2023-05-11 10:32:38.144  INFO 1 - [       main] ontainerEntityManagerFactoryBean : Initialized JPA EntityManagerFactory for persistence unit 'default' 
2023-05-11 10:32:38.967  INFO 1 - [       main] .a.w.s.WelcomePageHandlerMapping : Adding welcome page template: index 
2023-05-11 10:32:39.414  INFO 1 - [       main] .s.b.a.e.w.EndpointLinksResolver : Exposing 1 endpoint(s) beneath base path '/actuator' 
2023-05-11 10:32:39.473  INFO 1 - [       main] o.s.b.w.e.t.TomcatWebServer      : Tomcat started on port(s): 7878 (http) with context path '' 
2023-05-11 10:32:39.548  INFO 1 - [       main] com.epam.healenium.Application   : Started Application in 6.547 seconds (JVM running for 7.09) 
2023-05-11 12:54:47.273  INFO 1 - [hutdownHook] ontainerEntityManagerFactoryBean : Closing JPA EntityManagerFactory for persistence unit 'default' 
2023-05-11 12:54:47.282  INFO 1 - [hutdownHook] c.z.hikari.HikariDataSource      : HikariPool-1 - Shutdown initiated... 
2023-05-11 12:54:47.296  INFO 1 - [hutdownHook] c.z.hikari.HikariDataSource      : HikariPool-1 - Shutdown completed. 
